0 info it worked if it ends with ok
1 verbose cli [ 'node',
1 verbose cli   '/usr/local/bin/npm',
1 verbose cli   'install',
1 verbose cli   'grunt-jshint-stylish',
1 verbose cli   '--save-dev' ]
2 info using npm@1.4.28
3 info using node@v0.10.32
4 warn package.json etrip@0.0.0 No description
5 warn package.json etrip@0.0.0 No repository field.
6 warn package.json etrip@0.0.0 No README data
7 verbose readDependencies using package.json deps
8 verbose cache add [ 'grunt-jshint-stylish', null ]
9 verbose cache add name=undefined spec="grunt-jshint-stylish" args=["grunt-jshint-stylish",null]
10 verbose parsed url { protocol: null,
10 verbose parsed url   slashes: null,
10 verbose parsed url   auth: null,
10 verbose parsed url   host: null,
10 verbose parsed url   port: null,
10 verbose parsed url   hostname: null,
10 verbose parsed url   hash: null,
10 verbose parsed url   search: null,
10 verbose parsed url   query: null,
10 verbose parsed url   pathname: 'grunt-jshint-stylish',
10 verbose parsed url   path: 'grunt-jshint-stylish',
10 verbose parsed url   href: 'grunt-jshint-stylish' }
11 silly lockFile f823e3d0-grunt-jshint-stylish grunt-jshint-stylish
12 verbose lock grunt-jshint-stylish /Users/ayakaqinwen/.npm/f823e3d0-grunt-jshint-stylish.lock
13 silly lockFile f823e3d0-grunt-jshint-stylish grunt-jshint-stylish
14 silly lockFile f823e3d0-grunt-jshint-stylish grunt-jshint-stylish
15 verbose addNamed [ 'grunt-jshint-stylish', '' ]
16 verbose addNamed [ null, '*' ]
17 silly lockFile 8f012a3d-grunt-jshint-stylish grunt-jshint-stylish@
18 verbose lock grunt-jshint-stylish@ /Users/ayakaqinwen/.npm/8f012a3d-grunt-jshint-stylish.lock
19 silly addNameRange { name: 'grunt-jshint-stylish', range: '*', hasData: false }
20 verbose request where is /grunt-jshint-stylish
21 verbose request registry https://registry.npmjs.org/
22 verbose request id 510d3f9b1561f819
23 verbose url raw /grunt-jshint-stylish
24 verbose url resolving [ 'https://registry.npmjs.org/', './grunt-jshint-stylish' ]
25 verbose url resolved https://registry.npmjs.org/grunt-jshint-stylish
26 verbose request where is https://registry.npmjs.org/grunt-jshint-stylish
27 info trying registry request attempt 1 at 19:25:00
28 http GET https://registry.npmjs.org/grunt-jshint-stylish
29 http 404 https://registry.npmjs.org/grunt-jshint-stylish
30 verbose headers { date: 'Fri, 30 Jan 2015 06:25:02 GMT',
30 verbose headers   server: 'CouchDB/1.5.0 (Erlang OTP/R16B03)',
30 verbose headers   'content-type': 'application/json',
30 verbose headers   'cache-control': 'max-age=0',
30 verbose headers   'content-length': '52',
30 verbose headers   'accept-ranges': 'bytes',
30 verbose headers   via: '1.1 varnish',
30 verbose headers   age: '0',
30 verbose headers   'x-served-by': 'cache-akl6421-AKL',
30 verbose headers   'x-cache': 'MISS',
30 verbose headers   'x-cache-hits': '0',
30 verbose headers   'x-timer': 'S1422599101.149085,VS0,VE957',
30 verbose headers   'keep-alive': 'timeout=10, max=50',
30 verbose headers   connection: 'Keep-Alive' }
31 silly registry.get cb [ 404,
31 silly registry.get   { date: 'Fri, 30 Jan 2015 06:25:02 GMT',
31 silly registry.get     server: 'CouchDB/1.5.0 (Erlang OTP/R16B03)',
31 silly registry.get     'content-type': 'application/json',
31 silly registry.get     'cache-control': 'max-age=0',
31 silly registry.get     'content-length': '52',
31 silly registry.get     'accept-ranges': 'bytes',
31 silly registry.get     via: '1.1 varnish',
31 silly registry.get     age: '0',
31 silly registry.get     'x-served-by': 'cache-akl6421-AKL',
31 silly registry.get     'x-cache': 'MISS',
31 silly registry.get     'x-cache-hits': '0',
31 silly registry.get     'x-timer': 'S1422599101.149085,VS0,VE957',
31 silly registry.get     'keep-alive': 'timeout=10, max=50',
31 silly registry.get     connection: 'Keep-Alive' } ]
32 silly lockFile 8f012a3d-grunt-jshint-stylish grunt-jshint-stylish@
33 silly lockFile 8f012a3d-grunt-jshint-stylish grunt-jshint-stylish@
34 error 404 404 Not Found: grunt-jshint-stylish
34 error 404
34 error 404 'grunt-jshint-stylish' is not in the npm registry.
34 error 404 You should bug the author to publish it
34 error 404 It was specified as a dependency of 'etrip'
34 error 404
34 error 404 Note that you can also install from a
34 error 404 tarball, folder, or http url, or git url.
35 error System Darwin 14.0.0
36 error command "node" "/usr/local/bin/npm" "install" "grunt-jshint-stylish" "--save-dev"
37 error cwd /Users/ayakaqinwen/Documents/Side project/webProjects/xiaoqiao
38 error node -v v0.10.32
39 error npm -v 1.4.28
40 error code E404
41 verbose exit [ 1, true ]
